The system is: Linux - 4.14.54-1-MANJARO - x86_64
Compiling the C compiler identification source file "CMakeCCompilerId.c" succeeded.
Compiler: /bin/gcc-5 
Build flags: 
Id flags:  

The output was:
0


Compilation of the C compiler identification source "CMakeCCompilerId.c" produced "a.out"

The C compiler identification is GNU, found in "/home/davidb/UROP/Pass/CMakeFiles/3.11.4/CompilerIdC/a.out"

Compiling the CXX compiler identification source file "CMakeCXXCompilerId.cpp" succeeded.
Compiler: /bin/g++-5 
Build flags: 
Id flags:  

The output was:
0


Compilation of the CXX compiler identification source "CMakeCXXCompilerId.cpp" produced "a.out"

The CXX compiler identification is GNU, found in "/home/davidb/UROP/Pass/CMakeFiles/3.11.4/CompilerIdCXX/a.out"

Determining if the C compiler works passed with the following output:
Change Dir: /home/davidb/UROP/Pass/CMakeFiles/CMakeTmp

Run Build Command:"/usr/bin/make" "cmTC_7699d/fast"
/usr/bin/make -f CMakeFiles/cmTC_7699d.dir/build.make CMakeFiles/cmTC_7699d.dir/build
make[1]: Entering directory '/home/davidb/UROP/Pass/CMakeFiles/CMakeTmp'
Building C object CMakeFiles/cmTC_7699d.dir/testCCompiler.c.o
/bin/gcc-5    -o CMakeFiles/cmTC_7699d.dir/testCCompiler.c.o   -c /home/davidb/UROP/Pass/CMakeFiles/CMakeTmp/testCCompiler.c
Linking C executable cmTC_7699d
/usr/bin/cmake -E cmake_link_script CMakeFiles/cmTC_7699d.dir/link.txt --verbose=1
/bin/gcc-5      -rdynamic CMakeFiles/cmTC_7699d.dir/testCCompiler.c.o  -o cmTC_7699d 
make[1]: Leaving directory '/home/davidb/UROP/Pass/CMakeFiles/CMakeTmp'


Detecting C compiler ABI info compiled with the following output:
Change Dir: /home/davidb/UROP/Pass/CMakeFiles/CMakeTmp

Run Build Command:"/usr/bin/make" "cmTC_20229/fast"
/usr/bin/make -f CMakeFiles/cmTC_20229.dir/build.make CMakeFiles/cmTC_20229.dir/build
make[1]: Entering directory '/home/davidb/UROP/Pass/CMakeFiles/CMakeTmp'
Building C object CMakeFiles/cmTC_20229.dir/CMakeCCompilerABI.c.o
/bin/gcc-5    -o CMakeFiles/cmTC_20229.dir/CMakeCCompilerABI.c.o   -c /usr/share/cmake-3.11/Modules/CMakeCCompilerABI.c
Linking C executable cmTC_20229
/usr/bin/cmake -E cmake_link_script CMakeFiles/cmTC_20229.dir/link.txt --verbose=1
/bin/gcc-5     -v -rdynamic CMakeFiles/cmTC_20229.dir/CMakeCCompilerABI.c.o  -o cmTC_20229 
Using built-in specs.
COLLECT_GCC=/bin/gcc-5
COLLECT_LTO_WRAPPER=/usr/lib/gcc/x86_64-pc-linux-gnu/5.4.1/lto-wrapper
Target: x86_64-pc-linux-gnu
Configured with: /build/gcc54/src/gcc/configure --prefix=/usr --build=x86_64-pc-linux-gnu --libdir=/usr/lib --libexecdir=/usr/lib --mandir=/usr/share/man --infodir=/usr/share/info --with-bugurl=https://bugs.archlinux.org/ --enable-languages=c,c++,fortran,go,lto,objc,obj-c++ --enable-shared --enable-threads=posix --enable-libmpx --with-system-zlib --with-isl --enable-__cxa_atexit --disable-libunwind-exceptions --enable-clocale=gnu --disable-libstdcxx-pch --disable-libssp --enable-gnu-unique-object --enable-linker-build-id --enable-lto --enable-plugin --with-linker-hash-style=gnu --enable-gnu-indirect-function --disable-multilib --disable-werror --enable-checking=release --program-suffix=-5 --enable-version-specific-runtime-libs
Thread model: posix
gcc version 5.4.1 20160929 (GCC) 
COMPILER_PATH=/usr/lib/gcc/x86_64-pc-linux-gnu/5.4.1/:/usr/lib/gcc/x86_64-pc-linux-gnu/5.4.1/:/usr/lib/gcc/x86_64-pc-linux-gnu/:/usr/lib/gcc/x86_64-pc-linux-gnu/5.4.1/:/usr/lib/gcc/x86_64-pc-linux-gnu/
LIBRARY_PATH=/usr/lib/gcc/x86_64-pc-linux-gnu/5.4.1/:/usr/lib/gcc/x86_64-pc-linux-gnu/5.4.1/../../../../lib/:/lib/../lib/:/usr/lib/../lib/:/usr/lib/gcc/x86_64-pc-linux-gnu/5.4.1/../../../:/lib/:/usr/lib/
COLLECT_GCC_OPTIONS='-v' '-rdynamic' '-o' 'cmTC_20229' '-mtune=generic' '-march=x86-64'
 /usr/lib/gcc/x86_64-pc-linux-gnu/5.4.1/collect2 -plugin /usr/lib/gcc/x86_64-pc-linux-gnu/5.4.1/liblto_plugin.so -plugin-opt=/usr/lib/gcc/x86_64-pc-linux-gnu/5.4.1/lto-wrapper -plugin-opt=-fresolution=/tmp/cc7L8qbk.res -plugin-opt=-pass-through=-lgcc -plugin-opt=-pass-through=-lgcc_s -plugin-opt=-pass-through=-lc -plugin-opt=-pass-through=-lgcc -plugin-opt=-pass-through=-lgcc_s --build-id --eh-frame-hdr --hash-style=gnu -m elf_x86_64 -export-dynamic -dynamic-linker /lib64/ld-linux-x86-64.so.2 -o cmTC_20229 /usr/lib/gcc/x86_64-pc-linux-gnu/5.4.1/../../../../lib/crt1.o /usr/lib/gcc/x86_64-pc-linux-gnu/5.4.1/../../../../lib/crti.o /usr/lib/gcc/x86_64-pc-linux-gnu/5.4.1/crtbegin.o -L/usr/lib/gcc/x86_64-pc-linux-gnu/5.4.1 -L/usr/lib/gcc/x86_64-pc-linux-gnu/5.4.1/../../../../lib -L/lib/../lib -L/usr/lib/../lib -L/usr/lib/gcc/x86_64-pc-linux-gnu/5.4.1/../../.. CMakeFiles/cmTC_20229.dir/CMakeCCompilerABI.c.o -lgcc --as-needed -lgcc_s --no-as-needed -lc -lgcc --as-needed -lgcc_s --no-as-needed /usr/lib/gcc/x86_64-pc-linux-gnu/5.4.1/crtend.o /usr/lib/gcc/x86_64-pc-linux-gnu/5.4.1/../../../../lib/crtn.o
make[1]: Leaving directory '/home/davidb/UROP/Pass/CMakeFiles/CMakeTmp'


Parsed C implicit link information from above output:
  link line regex: [^( *|.*[/\])(ld|CMAKE_LINK_STARTFILE-NOTFOUND|([^/\]+-)?ld|collect2)[^/\]*( |$)]
  ignore line: [Change Dir: /home/davidb/UROP/Pass/CMakeFiles/CMakeTmp]
  ignore line: []
  ignore line: [Run Build Command:"/usr/bin/make" "cmTC_20229/fast"]
  ignore line: [/usr/bin/make -f CMakeFiles/cmTC_20229.dir/build.make CMakeFiles/cmTC_20229.dir/build]
  ignore line: [make[1]: Entering directory '/home/davidb/UROP/Pass/CMakeFiles/CMakeTmp']
  ignore line: [Building C object CMakeFiles/cmTC_20229.dir/CMakeCCompilerABI.c.o]
  ignore line: [/bin/gcc-5    -o CMakeFiles/cmTC_20229.dir/CMakeCCompilerABI.c.o   -c /usr/share/cmake-3.11/Modules/CMakeCCompilerABI.c]
  ignore line: [Linking C executable cmTC_20229]
  ignore line: [/usr/bin/cmake -E cmake_link_script CMakeFiles/cmTC_20229.dir/link.txt --verbose=1]
  ignore line: [/bin/gcc-5     -v -rdynamic CMakeFiles/cmTC_20229.dir/CMakeCCompilerABI.c.o  -o cmTC_20229 ]
  ignore line: [Using built-in specs.]
  ignore line: [COLLECT_GCC=/bin/gcc-5]
  ignore line: [COLLECT_LTO_WRAPPER=/usr/lib/gcc/x86_64-pc-linux-gnu/5.4.1/lto-wrapper]
  ignore line: [Target: x86_64-pc-linux-gnu]
  ignore line: [Configured with: /build/gcc54/src/gcc/configure --prefix=/usr --build=x86_64-pc-linux-gnu --libdir=/usr/lib --libexecdir=/usr/lib --mandir=/usr/share/man --infodir=/usr/share/info --with-bugurl=https://bugs.archlinux.org/ --enable-languages=c,c++,fortran,go,lto,objc,obj-c++ --enable-shared --enable-threads=posix --enable-libmpx --with-system-zlib --with-isl --enable-__cxa_atexit --disable-libunwind-exceptions --enable-clocale=gnu --disable-libstdcxx-pch --disable-libssp --enable-gnu-unique-object --enable-linker-build-id --enable-lto --enable-plugin --with-linker-hash-style=gnu --enable-gnu-indirect-function --disable-multilib --disable-werror --enable-checking=release --program-suffix=-5 --enable-version-specific-runtime-libs]
  ignore line: [Thread model: posix]
  ignore line: [gcc version 5.4.1 20160929 (GCC) ]
  ignore line: [COMPILER_PATH=/usr/lib/gcc/x86_64-pc-linux-gnu/5.4.1/:/usr/lib/gcc/x86_64-pc-linux-gnu/5.4.1/:/usr/lib/gcc/x86_64-pc-linux-gnu/:/usr/lib/gcc/x86_64-pc-linux-gnu/5.4.1/:/usr/lib/gcc/x86_64-pc-linux-gnu/]
  ignore line: [LIBRARY_PATH=/usr/lib/gcc/x86_64-pc-linux-gnu/5.4.1/:/usr/lib/gcc/x86_64-pc-linux-gnu/5.4.1/../../../../lib/:/lib/../lib/:/usr/lib/../lib/:/usr/lib/gcc/x86_64-pc-linux-gnu/5.4.1/../../../:/lib/:/usr/lib/]
  ignore line: [COLLECT_GCC_OPTIONS='-v' '-rdynamic' '-o' 'cmTC_20229' '-mtune=generic' '-march=x86-64']
  link line: [ /usr/lib/gcc/x86_64-pc-linux-gnu/5.4.1/collect2 -plugin /usr/lib/gcc/x86_64-pc-linux-gnu/5.4.1/liblto_plugin.so -plugin-opt=/usr/lib/gcc/x86_64-pc-linux-gnu/5.4.1/lto-wrapper -plugin-opt=-fresolution=/tmp/cc7L8qbk.res -plugin-opt=-pass-through=-lgcc -plugin-opt=-pass-through=-lgcc_s -plugin-opt=-pass-through=-lc -plugin-opt=-pass-through=-lgcc -plugin-opt=-pass-through=-lgcc_s --build-id --eh-frame-hdr --hash-style=gnu -m elf_x86_64 -export-dynamic -dynamic-linker /lib64/ld-linux-x86-64.so.2 -o cmTC_20229 /usr/lib/gcc/x86_64-pc-linux-gnu/5.4.1/../../../../lib/crt1.o /usr/lib/gcc/x86_64-pc-linux-gnu/5.4.1/../../../../lib/crti.o /usr/lib/gcc/x86_64-pc-linux-gnu/5.4.1/crtbegin.o -L/usr/lib/gcc/x86_64-pc-linux-gnu/5.4.1 -L/usr/lib/gcc/x86_64-pc-linux-gnu/5.4.1/../../../../lib -L/lib/../lib -L/usr/lib/../lib -L/usr/lib/gcc/x86_64-pc-linux-gnu/5.4.1/../../.. CMakeFiles/cmTC_20229.dir/CMakeCCompilerABI.c.o -lgcc --as-needed -lgcc_s --no-as-needed -lc -lgcc --as-needed -lgcc_s --no-as-needed /usr/lib/gcc/x86_64-pc-linux-gnu/5.4.1/crtend.o /usr/lib/gcc/x86_64-pc-linux-gnu/5.4.1/../../../../lib/crtn.o]
    arg [/usr/lib/gcc/x86_64-pc-linux-gnu/5.4.1/collect2] ==> ignore
    arg [-plugin] ==> ignore
    arg [/usr/lib/gcc/x86_64-pc-linux-gnu/5.4.1/liblto_plugin.so] ==> ignore
    arg [-plugin-opt=/usr/lib/gcc/x86_64-pc-linux-gnu/5.4.1/lto-wrapper] ==> ignore
    arg [-plugin-opt=-fresolution=/tmp/cc7L8qbk.res] ==> ignore
    arg [-plugin-opt=-pass-through=-lgcc] ==> ignore
    arg [-plugin-opt=-pass-through=-lgcc_s] ==> ignore
    arg [-plugin-opt=-pass-through=-lc] ==> ignore
    arg [-plugin-opt=-pass-through=-lgcc] ==> ignore
    arg [-plugin-opt=-pass-through=-lgcc_s] ==> ignore
    arg [--build-id] ==> ignore
    arg [--eh-frame-hdr] ==> ignore
    arg [--hash-style=gnu] ==> ignore
    arg [-m] ==> ignore
    arg [elf_x86_64] ==> ignore
    arg [-export-dynamic] ==> ignore
    arg [-dynamic-linker] ==> ignore
    arg [/lib64/ld-linux-x86-64.so.2] ==> ignore
    arg [-o] ==> ignore
    arg [cmTC_20229] ==> ignore
    arg [/usr/lib/gcc/x86_64-pc-linux-gnu/5.4.1/../../../../lib/crt1.o] ==> ignore
    arg [/usr/lib/gcc/x86_64-pc-linux-gnu/5.4.1/../../../../lib/crti.o] ==> ignore
    arg [/usr/lib/gcc/x86_64-pc-linux-gnu/5.4.1/crtbegin.o] ==> ignore
    arg [-L/usr/lib/gcc/x86_64-pc-linux-gnu/5.4.1] ==> dir [/usr/lib/gcc/x86_64-pc-linux-gnu/5.4.1]
    arg [-L/usr/lib/gcc/x86_64-pc-linux-gnu/5.4.1/../../../../lib] ==> dir [/usr/lib/gcc/x86_64-pc-linux-gnu/5.4.1/../../../../lib]
    arg [-L/lib/../lib] ==> dir [/lib/../lib]
    arg [-L/usr/lib/../lib] ==> dir [/usr/lib/../lib]
    arg [-L/usr/lib/gcc/x86_64-pc-linux-gnu/5.4.1/../../..] ==> dir [/usr/lib/gcc/x86_64-pc-linux-gnu/5.4.1/../../..]
    arg [CMakeFiles/cmTC_20229.dir/CMakeCCompilerABI.c.o] ==> ignore
    arg [-lgcc] ==> lib [gcc]
    arg [--as-needed] ==> ignore
    arg [-lgcc_s] ==> lib [gcc_s]
    arg [--no-as-needed] ==> ignore
    arg [-lc] ==> lib [c]
    arg [-lgcc] ==> lib [gcc]
    arg [--as-needed] ==> ignore
    arg [-lgcc_s] ==> lib [gcc_s]
    arg [--no-as-needed] ==> ignore
    arg [/usr/lib/gcc/x86_64-pc-linux-gnu/5.4.1/crtend.o] ==> ignore
    arg [/usr/lib/gcc/x86_64-pc-linux-gnu/5.4.1/../../../../lib/crtn.o] ==> ignore
  collapse library dir [/usr/lib/gcc/x86_64-pc-linux-gnu/5.4.1] ==> [/usr/lib/gcc/x86_64-pc-linux-gnu/5.4.1]
  collapse library dir [/usr/lib/gcc/x86_64-pc-linux-gnu/5.4.1/../../../../lib] ==> [/usr/lib]
  collapse library dir [/lib/../lib] ==> [/lib]
  collapse library dir [/usr/lib/../lib] ==> [/usr/lib]
  collapse library dir [/usr/lib/gcc/x86_64-pc-linux-gnu/5.4.1/../../..] ==> [/usr/lib]
  implicit libs: [gcc;gcc_s;c;gcc;gcc_s]
  implicit dirs: [/usr/lib/gcc/x86_64-pc-linux-gnu/5.4.1;/usr/lib;/lib]
  implicit fwks: []




Detecting C [-std=c11] compiler features compiled with the following output:
Change Dir: /home/davidb/UROP/Pass/CMakeFiles/CMakeTmp

Run Build Command:"/usr/bin/make" "cmTC_39fd8/fast"
/usr/bin/make -f CMakeFiles/cmTC_39fd8.dir/build.make CMakeFiles/cmTC_39fd8.dir/build
make[1]: Entering directory '/home/davidb/UROP/Pass/CMakeFiles/CMakeTmp'
Building C object CMakeFiles/cmTC_39fd8.dir/feature_tests.c.o
/bin/gcc-5   -std=c11 -o CMakeFiles/cmTC_39fd8.dir/feature_tests.c.o   -c /home/davidb/UROP/Pass/CMakeFiles/feature_tests.c
Linking C executable cmTC_39fd8
/usr/bin/cmake -E cmake_link_script CMakeFiles/cmTC_39fd8.dir/link.txt --verbose=1
/bin/gcc-5      -rdynamic CMakeFiles/cmTC_39fd8.dir/feature_tests.c.o  -o cmTC_39fd8 
make[1]: Leaving directory '/home/davidb/UROP/Pass/CMakeFiles/CMakeTmp'


    Feature record: C_FEATURE:1c_function_prototypes
    Feature record: C_FEATURE:1c_restrict
    Feature record: C_FEATURE:1c_static_assert
    Feature record: C_FEATURE:1c_variadic_macros


Detecting C [-std=c99] compiler features compiled with the following output:
Change Dir: /home/davidb/UROP/Pass/CMakeFiles/CMakeTmp

Run Build Command:"/usr/bin/make" "cmTC_302ac/fast"
/usr/bin/make -f CMakeFiles/cmTC_302ac.dir/build.make CMakeFiles/cmTC_302ac.dir/build
make[1]: Entering directory '/home/davidb/UROP/Pass/CMakeFiles/CMakeTmp'
Building C object CMakeFiles/cmTC_302ac.dir/feature_tests.c.o
/bin/gcc-5   -std=c99 -o CMakeFiles/cmTC_302ac.dir/feature_tests.c.o   -c /home/davidb/UROP/Pass/CMakeFiles/feature_tests.c
Linking C executable cmTC_302ac
/usr/bin/cmake -E cmake_link_script CMakeFiles/cmTC_302ac.dir/link.txt --verbose=1
/bin/gcc-5      -rdynamic CMakeFiles/cmTC_302ac.dir/feature_tests.c.o  -o cmTC_302ac 
make[1]: Leaving directory '/home/davidb/UROP/Pass/CMakeFiles/CMakeTmp'


    Feature record: C_FEATURE:1c_function_prototypes
    Feature record: C_FEATURE:1c_restrict
    Feature record: C_FEATURE:0c_static_assert
    Feature record: C_FEATURE:1c_variadic_macros


Detecting C [-std=c90] compiler features compiled with the following output:
Change Dir: /home/davidb/UROP/Pass/CMakeFiles/CMakeTmp

Run Build Command:"/usr/bin/make" "cmTC_7b644/fast"
/usr/bin/make -f CMakeFiles/cmTC_7b644.dir/build.make CMakeFiles/cmTC_7b644.dir/build
make[1]: Entering directory '/home/davidb/UROP/Pass/CMakeFiles/CMakeTmp'
Building C object CMakeFiles/cmTC_7b644.dir/feature_tests.c.o
/bin/gcc-5   -std=c90 -o CMakeFiles/cmTC_7b644.dir/feature_tests.c.o   -c /home/davidb/UROP/Pass/CMakeFiles/feature_tests.c
Linking C executable cmTC_7b644
/usr/bin/cmake -E cmake_link_script CMakeFiles/cmTC_7b644.dir/link.txt --verbose=1
/bin/gcc-5      -rdynamic CMakeFiles/cmTC_7b644.dir/feature_tests.c.o  -o cmTC_7b644 
make[1]: Leaving directory '/home/davidb/UROP/Pass/CMakeFiles/CMakeTmp'


    Feature record: C_FEATURE:1c_function_prototypes
    Feature record: C_FEATURE:0c_restrict
    Feature record: C_FEATURE:0c_static_assert
    Feature record: C_FEATURE:0c_variadic_macros
Determining if the CXX compiler works passed with the following output:
Change Dir: /home/davidb/UROP/Pass/CMakeFiles/CMakeTmp

Run Build Command:"/usr/bin/make" "cmTC_b9a44/fast"
/usr/bin/make -f CMakeFiles/cmTC_b9a44.dir/build.make CMakeFiles/cmTC_b9a44.dir/build
make[1]: Entering directory '/home/davidb/UROP/Pass/CMakeFiles/CMakeTmp'
Building CXX object CMakeFiles/cmTC_b9a44.dir/testCXXCompiler.cxx.o
/bin/g++-5     -o CMakeFiles/cmTC_b9a44.dir/testCXXCompiler.cxx.o -c /home/davidb/UROP/Pass/CMakeFiles/CMakeTmp/testCXXCompiler.cxx
Linking CXX executable cmTC_b9a44
/usr/bin/cmake -E cmake_link_script CMakeFiles/cmTC_b9a44.dir/link.txt --verbose=1
/bin/g++-5       -rdynamic CMakeFiles/cmTC_b9a44.dir/testCXXCompiler.cxx.o  -o cmTC_b9a44 
make[1]: Leaving directory '/home/davidb/UROP/Pass/CMakeFiles/CMakeTmp'


Detecting CXX compiler ABI info compiled with the following output:
Change Dir: /home/davidb/UROP/Pass/CMakeFiles/CMakeTmp

Run Build Command:"/usr/bin/make" "cmTC_5d5d1/fast"
/usr/bin/make -f CMakeFiles/cmTC_5d5d1.dir/build.make CMakeFiles/cmTC_5d5d1.dir/build
make[1]: Entering directory '/home/davidb/UROP/Pass/CMakeFiles/CMakeTmp'
Building CXX object CMakeFiles/cmTC_5d5d1.dir/CMakeCXXCompilerABI.cpp.o
/bin/g++-5     -o CMakeFiles/cmTC_5d5d1.dir/CMakeCXXCompilerABI.cpp.o -c /usr/share/cmake-3.11/Modules/CMakeCXXCompilerABI.cpp
Linking CXX executable cmTC_5d5d1
/usr/bin/cmake -E cmake_link_script CMakeFiles/cmTC_5d5d1.dir/link.txt --verbose=1
/bin/g++-5      -v -rdynamic CMakeFiles/cmTC_5d5d1.dir/CMakeCXXCompilerABI.cpp.o  -o cmTC_5d5d1 
Using built-in specs.
COLLECT_GCC=/bin/g++-5
COLLECT_LTO_WRAPPER=/usr/lib/gcc/x86_64-pc-linux-gnu/5.4.1/lto-wrapper
Target: x86_64-pc-linux-gnu
Configured with: /build/gcc54/src/gcc/configure --prefix=/usr --build=x86_64-pc-linux-gnu --libdir=/usr/lib --libexecdir=/usr/lib --mandir=/usr/share/man --infodir=/usr/share/info --with-bugurl=https://bugs.archlinux.org/ --enable-languages=c,c++,fortran,go,lto,objc,obj-c++ --enable-shared --enable-threads=posix --enable-libmpx --with-system-zlib --with-isl --enable-__cxa_atexit --disable-libunwind-exceptions --enable-clocale=gnu --disable-libstdcxx-pch --disable-libssp --enable-gnu-unique-object --enable-linker-build-id --enable-lto --enable-plugin --with-linker-hash-style=gnu --enable-gnu-indirect-function --disable-multilib --disable-werror --enable-checking=release --program-suffix=-5 --enable-version-specific-runtime-libs
Thread model: posix
gcc version 5.4.1 20160929 (GCC) 
COMPILER_PATH=/usr/lib/gcc/x86_64-pc-linux-gnu/5.4.1/:/usr/lib/gcc/x86_64-pc-linux-gnu/5.4.1/:/usr/lib/gcc/x86_64-pc-linux-gnu/:/usr/lib/gcc/x86_64-pc-linux-gnu/5.4.1/:/usr/lib/gcc/x86_64-pc-linux-gnu/
LIBRARY_PATH=/usr/lib/gcc/x86_64-pc-linux-gnu/5.4.1/:/usr/lib/gcc/x86_64-pc-linux-gnu/5.4.1/../../../../lib/:/lib/../lib/:/usr/lib/../lib/:/usr/lib/gcc/x86_64-pc-linux-gnu/5.4.1/../../../:/lib/:/usr/lib/
COLLECT_GCC_OPTIONS='-v' '-rdynamic' '-o' 'cmTC_5d5d1' '-shared-libgcc' '-mtune=generic' '-march=x86-64'
 /usr/lib/gcc/x86_64-pc-linux-gnu/5.4.1/collect2 -plugin /usr/lib/gcc/x86_64-pc-linux-gnu/5.4.1/liblto_plugin.so -plugin-opt=/usr/lib/gcc/x86_64-pc-linux-gnu/5.4.1/lto-wrapper -plugin-opt=-fresolution=/tmp/cckMfyLJ.res -plugin-opt=-pass-through=-lgcc_s -plugin-opt=-pass-through=-lgcc -plugin-opt=-pass-through=-lc -plugin-opt=-pass-through=-lgcc_s -plugin-opt=-pass-through=-lgcc --build-id --eh-frame-hdr --hash-style=gnu -m elf_x86_64 -export-dynamic -dynamic-linker /lib64/ld-linux-x86-64.so.2 -o cmTC_5d5d1 /usr/lib/gcc/x86_64-pc-linux-gnu/5.4.1/../../../../lib/crt1.o /usr/lib/gcc/x86_64-pc-linux-gnu/5.4.1/../../../../lib/crti.o /usr/lib/gcc/x86_64-pc-linux-gnu/5.4.1/crtbegin.o -L/usr/lib/gcc/x86_64-pc-linux-gnu/5.4.1 -L/usr/lib/gcc/x86_64-pc-linux-gnu/5.4.1/../../../../lib -L/lib/../lib -L/usr/lib/../lib -L/usr/lib/gcc/x86_64-pc-linux-gnu/5.4.1/../../.. CMakeFiles/cmTC_5d5d1.dir/CMakeCXXCompilerABI.cpp.o -lstdc++ -lm -lgcc_s -lgcc -lc -lgcc_s -lgcc /usr/lib/gcc/x86_64-pc-linux-gnu/5.4.1/crtend.o /usr/lib/gcc/x86_64-pc-linux-gnu/5.4.1/../../../../lib/crtn.o
make[1]: Leaving directory '/home/davidb/UROP/Pass/CMakeFiles/CMakeTmp'


Parsed CXX implicit link information from above output:
  link line regex: [^( *|.*[/\])(ld|CMAKE_LINK_STARTFILE-NOTFOUND|([^/\]+-)?ld|collect2)[^/\]*( |$)]
  ignore line: [Change Dir: /home/davidb/UROP/Pass/CMakeFiles/CMakeTmp]
  ignore line: []
  ignore line: [Run Build Command:"/usr/bin/make" "cmTC_5d5d1/fast"]
  ignore line: [/usr/bin/make -f CMakeFiles/cmTC_5d5d1.dir/build.make CMakeFiles/cmTC_5d5d1.dir/build]
  ignore line: [make[1]: Entering directory '/home/davidb/UROP/Pass/CMakeFiles/CMakeTmp']
  ignore line: [Building CXX object CMakeFiles/cmTC_5d5d1.dir/CMakeCXXCompilerABI.cpp.o]
  ignore line: [/bin/g++-5     -o CMakeFiles/cmTC_5d5d1.dir/CMakeCXXCompilerABI.cpp.o -c /usr/share/cmake-3.11/Modules/CMakeCXXCompilerABI.cpp]
  ignore line: [Linking CXX executable cmTC_5d5d1]
  ignore line: [/usr/bin/cmake -E cmake_link_script CMakeFiles/cmTC_5d5d1.dir/link.txt --verbose=1]
  ignore line: [/bin/g++-5      -v -rdynamic CMakeFiles/cmTC_5d5d1.dir/CMakeCXXCompilerABI.cpp.o  -o cmTC_5d5d1 ]
  ignore line: [Using built-in specs.]
  ignore line: [COLLECT_GCC=/bin/g++-5]
  ignore line: [COLLECT_LTO_WRAPPER=/usr/lib/gcc/x86_64-pc-linux-gnu/5.4.1/lto-wrapper]
  ignore line: [Target: x86_64-pc-linux-gnu]
  ignore line: [Configured with: /build/gcc54/src/gcc/configure --prefix=/usr --build=x86_64-pc-linux-gnu --libdir=/usr/lib --libexecdir=/usr/lib --mandir=/usr/share/man --infodir=/usr/share/info --with-bugurl=https://bugs.archlinux.org/ --enable-languages=c,c++,fortran,go,lto,objc,obj-c++ --enable-shared --enable-threads=posix --enable-libmpx --with-system-zlib --with-isl --enable-__cxa_atexit --disable-libunwind-exceptions --enable-clocale=gnu --disable-libstdcxx-pch --disable-libssp --enable-gnu-unique-object --enable-linker-build-id --enable-lto --enable-plugin --with-linker-hash-style=gnu --enable-gnu-indirect-function --disable-multilib --disable-werror --enable-checking=release --program-suffix=-5 --enable-version-specific-runtime-libs]
  ignore line: [Thread model: posix]
  ignore line: [gcc version 5.4.1 20160929 (GCC) ]
  ignore line: [COMPILER_PATH=/usr/lib/gcc/x86_64-pc-linux-gnu/5.4.1/:/usr/lib/gcc/x86_64-pc-linux-gnu/5.4.1/:/usr/lib/gcc/x86_64-pc-linux-gnu/:/usr/lib/gcc/x86_64-pc-linux-gnu/5.4.1/:/usr/lib/gcc/x86_64-pc-linux-gnu/]
  ignore line: [LIBRARY_PATH=/usr/lib/gcc/x86_64-pc-linux-gnu/5.4.1/:/usr/lib/gcc/x86_64-pc-linux-gnu/5.4.1/../../../../lib/:/lib/../lib/:/usr/lib/../lib/:/usr/lib/gcc/x86_64-pc-linux-gnu/5.4.1/../../../:/lib/:/usr/lib/]
  ignore line: [COLLECT_GCC_OPTIONS='-v' '-rdynamic' '-o' 'cmTC_5d5d1' '-shared-libgcc' '-mtune=generic' '-march=x86-64']
  link line: [ /usr/lib/gcc/x86_64-pc-linux-gnu/5.4.1/collect2 -plugin /usr/lib/gcc/x86_64-pc-linux-gnu/5.4.1/liblto_plugin.so -plugin-opt=/usr/lib/gcc/x86_64-pc-linux-gnu/5.4.1/lto-wrapper -plugin-opt=-fresolution=/tmp/cckMfyLJ.res -plugin-opt=-pass-through=-lgcc_s -plugin-opt=-pass-through=-lgcc -plugin-opt=-pass-through=-lc -plugin-opt=-pass-through=-lgcc_s -plugin-opt=-pass-through=-lgcc --build-id --eh-frame-hdr --hash-style=gnu -m elf_x86_64 -export-dynamic -dynamic-linker /lib64/ld-linux-x86-64.so.2 -o cmTC_5d5d1 /usr/lib/gcc/x86_64-pc-linux-gnu/5.4.1/../../../../lib/crt1.o /usr/lib/gcc/x86_64-pc-linux-gnu/5.4.1/../../../../lib/crti.o /usr/lib/gcc/x86_64-pc-linux-gnu/5.4.1/crtbegin.o -L/usr/lib/gcc/x86_64-pc-linux-gnu/5.4.1 -L/usr/lib/gcc/x86_64-pc-linux-gnu/5.4.1/../../../../lib -L/lib/../lib -L/usr/lib/../lib -L/usr/lib/gcc/x86_64-pc-linux-gnu/5.4.1/../../.. CMakeFiles/cmTC_5d5d1.dir/CMakeCXXCompilerABI.cpp.o -lstdc++ -lm -lgcc_s -lgcc -lc -lgcc_s -lgcc /usr/lib/gcc/x86_64-pc-linux-gnu/5.4.1/crtend.o /usr/lib/gcc/x86_64-pc-linux-gnu/5.4.1/../../../../lib/crtn.o]
    arg [/usr/lib/gcc/x86_64-pc-linux-gnu/5.4.1/collect2] ==> ignore
    arg [-plugin] ==> ignore
    arg [/usr/lib/gcc/x86_64-pc-linux-gnu/5.4.1/liblto_plugin.so] ==> ignore
    arg [-plugin-opt=/usr/lib/gcc/x86_64-pc-linux-gnu/5.4.1/lto-wrapper] ==> ignore
    arg [-plugin-opt=-fresolution=/tmp/cckMfyLJ.res] ==> ignore
    arg [-plugin-opt=-pass-through=-lgcc_s] ==> ignore
    arg [-plugin-opt=-pass-through=-lgcc] ==> ignore
    arg [-plugin-opt=-pass-through=-lc] ==> ignore
    arg [-plugin-opt=-pass-through=-lgcc_s] ==> ignore
    arg [-plugin-opt=-pass-through=-lgcc] ==> ignore
    arg [--build-id] ==> ignore
    arg [--eh-frame-hdr] ==> ignore
    arg [--hash-style=gnu] ==> ignore
    arg [-m] ==> ignore
    arg [elf_x86_64] ==> ignore
    arg [-export-dynamic] ==> ignore
    arg [-dynamic-linker] ==> ignore
    arg [/lib64/ld-linux-x86-64.so.2] ==> ignore
    arg [-o] ==> ignore
    arg [cmTC_5d5d1] ==> ignore
    arg [/usr/lib/gcc/x86_64-pc-linux-gnu/5.4.1/../../../../lib/crt1.o] ==> ignore
    arg [/usr/lib/gcc/x86_64-pc-linux-gnu/5.4.1/../../../../lib/crti.o] ==> ignore
    arg [/usr/lib/gcc/x86_64-pc-linux-gnu/5.4.1/crtbegin.o] ==> ignore
    arg [-L/usr/lib/gcc/x86_64-pc-linux-gnu/5.4.1] ==> dir [/usr/lib/gcc/x86_64-pc-linux-gnu/5.4.1]
    arg [-L/usr/lib/gcc/x86_64-pc-linux-gnu/5.4.1/../../../../lib] ==> dir [/usr/lib/gcc/x86_64-pc-linux-gnu/5.4.1/../../../../lib]
    arg [-L/lib/../lib] ==> dir [/lib/../lib]
    arg [-L/usr/lib/../lib] ==> dir [/usr/lib/../lib]
    arg [-L/usr/lib/gcc/x86_64-pc-linux-gnu/5.4.1/../../..] ==> dir [/usr/lib/gcc/x86_64-pc-linux-gnu/5.4.1/../../..]
    arg [CMakeFiles/cmTC_5d5d1.dir/CMakeCXXCompilerABI.cpp.o] ==> ignore
    arg [-lstdc++] ==> lib [stdc++]
    arg [-lm] ==> lib [m]
    arg [-lgcc_s] ==> lib [gcc_s]
    arg [-lgcc] ==> lib [gcc]
    arg [-lc] ==> lib [c]
    arg [-lgcc_s] ==> lib [gcc_s]
    arg [-lgcc] ==> lib [gcc]
    arg [/usr/lib/gcc/x86_64-pc-linux-gnu/5.4.1/crtend.o] ==> ignore
    arg [/usr/lib/gcc/x86_64-pc-linux-gnu/5.4.1/../../../../lib/crtn.o] ==> ignore
  collapse library dir [/usr/lib/gcc/x86_64-pc-linux-gnu/5.4.1] ==> [/usr/lib/gcc/x86_64-pc-linux-gnu/5.4.1]
  collapse library dir [/usr/lib/gcc/x86_64-pc-linux-gnu/5.4.1/../../../../lib] ==> [/usr/lib]
  collapse library dir [/lib/../lib] ==> [/lib]
  collapse library dir [/usr/lib/../lib] ==> [/usr/lib]
  collapse library dir [/usr/lib/gcc/x86_64-pc-linux-gnu/5.4.1/../../..] ==> [/usr/lib]
  implicit libs: [stdc++;m;gcc_s;gcc;c;gcc_s;gcc]
  implicit dirs: [/usr/lib/gcc/x86_64-pc-linux-gnu/5.4.1;/usr/lib;/lib]
  implicit fwks: []




Detecting CXX [-std=c++1z] compiler features compiled with the following output:
Change Dir: /home/davidb/UROP/Pass/CMakeFiles/CMakeTmp

Run Build Command:"/usr/bin/make" "cmTC_3fda6/fast"
/usr/bin/make -f CMakeFiles/cmTC_3fda6.dir/build.make CMakeFiles/cmTC_3fda6.dir/build
make[1]: Entering directory '/home/davidb/UROP/Pass/CMakeFiles/CMakeTmp'
Building CXX object CMakeFiles/cmTC_3fda6.dir/feature_tests.cxx.o
/bin/g++-5    -std=c++1z -o CMakeFiles/cmTC_3fda6.dir/feature_tests.cxx.o -c /home/davidb/UROP/Pass/CMakeFiles/feature_tests.cxx
Linking CXX executable cmTC_3fda6
/usr/bin/cmake -E cmake_link_script CMakeFiles/cmTC_3fda6.dir/link.txt --verbose=1
/bin/g++-5       -rdynamic CMakeFiles/cmTC_3fda6.dir/feature_tests.cxx.o  -o cmTC_3fda6 
make[1]: Leaving directory '/home/davidb/UROP/Pass/CMakeFiles/CMakeTmp'


    Feature record: CXX_FEATURE:1cxx_aggregate_default_initializers
    Feature record: CXX_FEATURE:1cxx_alias_templates
    Feature record: CXX_FEATURE:1cxx_alignas
    Feature record: CXX_FEATURE:1cxx_alignof
    Feature record: CXX_FEATURE:1cxx_attributes
    Feature record: CXX_FEATURE:1cxx_attribute_deprecated
    Feature record: CXX_FEATURE:1cxx_auto_type
    Feature record: CXX_FEATURE:1cxx_binary_literals
    Feature record: CXX_FEATURE:1cxx_constexpr
    Feature record: CXX_FEATURE:1cxx_contextual_conversions
    Feature record: CXX_FEATURE:1cxx_decltype
    Feature record: CXX_FEATURE:1cxx_decltype_auto
    Feature record: CXX_FEATURE:1cxx_decltype_incomplete_return_types
    Feature record: CXX_FEATURE:1cxx_default_function_template_args
    Feature record: CXX_FEATURE:1cxx_defaulted_functions
    Feature record: CXX_FEATURE:1cxx_defaulted_move_initializers
    Feature record: CXX_FEATURE:1cxx_delegating_constructors
    Feature record: CXX_FEATURE:1cxx_deleted_functions
    Feature record: CXX_FEATURE:1cxx_digit_separators
    Feature record: CXX_FEATURE:1cxx_enum_forward_declarations
    Feature record: CXX_FEATURE:1cxx_explicit_conversions
    Feature record: CXX_FEATURE:1cxx_extended_friend_declarations
    Feature record: CXX_FEATURE:1cxx_extern_templates
    Feature record: CXX_FEATURE:1cxx_final
    Feature record: CXX_FEATURE:1cxx_func_identifier
    Feature record: CXX_FEATURE:1cxx_generalized_initializers
    Feature record: CXX_FEATURE:1cxx_generic_lambdas
    Feature record: CXX_FEATURE:1cxx_inheriting_constructors
    Feature record: CXX_FEATURE:1cxx_inline_namespaces
    Feature record: CXX_FEATURE:1cxx_lambdas
    Feature record: CXX_FEATURE:1cxx_lambda_init_captures
    Feature record: CXX_FEATURE:1cxx_local_type_template_args
    Feature record: CXX_FEATURE:1cxx_long_long_type
    Feature record: CXX_FEATURE:1cxx_noexcept
    Feature record: CXX_FEATURE:1cxx_nonstatic_member_init
    Feature record: CXX_FEATURE:1cxx_nullptr
    Feature record: CXX_FEATURE:1cxx_override
    Feature record: CXX_FEATURE:1cxx_range_for
    Feature record: CXX_FEATURE:1cxx_raw_string_literals
    Feature record: CXX_FEATURE:1cxx_reference_qualified_functions
    Feature record: CXX_FEATURE:1cxx_relaxed_constexpr
    Feature record: CXX_FEATURE:1cxx_return_type_deduction
    Feature record: CXX_FEATURE:1cxx_right_angle_brackets
    Feature record: CXX_FEATURE:1cxx_rvalue_references
    Feature record: CXX_FEATURE:1cxx_sizeof_member
    Feature record: CXX_FEATURE:1cxx_static_assert
    Feature record: CXX_FEATURE:1cxx_strong_enums
    Feature record: CXX_FEATURE:1cxx_template_template_parameters
    Feature record: CXX_FEATURE:1cxx_thread_local
    Feature record: CXX_FEATURE:1cxx_trailing_return_types
    Feature record: CXX_FEATURE:1cxx_unicode_literals
    Feature record: CXX_FEATURE:1cxx_uniform_initialization
    Feature record: CXX_FEATURE:1cxx_unrestricted_unions
    Feature record: CXX_FEATURE:1cxx_user_literals
    Feature record: CXX_FEATURE:1cxx_variable_templates
    Feature record: CXX_FEATURE:1cxx_variadic_macros
    Feature record: CXX_FEATURE:1cxx_variadic_templates


Detecting CXX [-std=c++14] compiler features compiled with the following output:
Change Dir: /home/davidb/UROP/Pass/CMakeFiles/CMakeTmp

Run Build Command:"/usr/bin/make" "cmTC_b9e4b/fast"
/usr/bin/make -f CMakeFiles/cmTC_b9e4b.dir/build.make CMakeFiles/cmTC_b9e4b.dir/build
make[1]: Entering directory '/home/davidb/UROP/Pass/CMakeFiles/CMakeTmp'
Building CXX object CMakeFiles/cmTC_b9e4b.dir/feature_tests.cxx.o
/bin/g++-5    -std=c++14 -o CMakeFiles/cmTC_b9e4b.dir/feature_tests.cxx.o -c /home/davidb/UROP/Pass/CMakeFiles/feature_tests.cxx
Linking CXX executable cmTC_b9e4b
/usr/bin/cmake -E cmake_link_script CMakeFiles/cmTC_b9e4b.dir/link.txt --verbose=1
/bin/g++-5       -rdynamic CMakeFiles/cmTC_b9e4b.dir/feature_tests.cxx.o  -o cmTC_b9e4b 
make[1]: Leaving directory '/home/davidb/UROP/Pass/CMakeFiles/CMakeTmp'


    Feature record: CXX_FEATURE:1cxx_aggregate_default_initializers
    Feature record: CXX_FEATURE:1cxx_alias_templates
    Feature record: CXX_FEATURE:1cxx_alignas
    Feature record: CXX_FEATURE:1cxx_alignof
    Feature record: CXX_FEATURE:1cxx_attributes
    Feature record: CXX_FEATURE:1cxx_attribute_deprecated
    Feature record: CXX_FEATURE:1cxx_auto_type
    Feature record: CXX_FEATURE:1cxx_binary_literals
    Feature record: CXX_FEATURE:1cxx_constexpr
    Feature record: CXX_FEATURE:1cxx_contextual_conversions
    Feature record: CXX_FEATURE:1cxx_decltype
    Feature record: CXX_FEATURE:1cxx_decltype_auto
    Feature record: CXX_FEATURE:1cxx_decltype_incomplete_return_types
    Feature record: CXX_FEATURE:1cxx_default_function_template_args
    Feature record: CXX_FEATURE:1cxx_defaulted_functions
    Feature record: CXX_FEATURE:1cxx_defaulted_move_initializers
    Feature record: CXX_FEATURE:1cxx_delegating_constructors
    Feature record: CXX_FEATURE:1cxx_deleted_functions
    Feature record: CXX_FEATURE:1cxx_digit_separators
    Feature record: CXX_FEATURE:1cxx_enum_forward_declarations
    Feature record: CXX_FEATURE:1cxx_explicit_conversions
    Feature record: CXX_FEATURE:1cxx_extended_friend_declarations
    Feature record: CXX_FEATURE:1cxx_extern_templates
    Feature record: CXX_FEATURE:1cxx_final
    Feature record: CXX_FEATURE:1cxx_func_identifier
    Feature record: CXX_FEATURE:1cxx_generalized_initializers
    Feature record: CXX_FEATURE:1cxx_generic_lambdas
    Feature record: CXX_FEATURE:1cxx_inheriting_constructors
    Feature record: CXX_FEATURE:1cxx_inline_namespaces
    Feature record: CXX_FEATURE:1cxx_lambdas
    Feature record: CXX_FEATURE:1cxx_lambda_init_captures
    Feature record: CXX_FEATURE:1cxx_local_type_template_args
    Feature record: CXX_FEATURE:1cxx_long_long_type
    Feature record: CXX_FEATURE:1cxx_noexcept
    Feature record: CXX_FEATURE:1cxx_nonstatic_member_init
    Feature record: CXX_FEATURE:1cxx_nullptr
    Feature record: CXX_FEATURE:1cxx_override
    Feature record: CXX_FEATURE:1cxx_range_for
    Feature record: CXX_FEATURE:1cxx_raw_string_literals
    Feature record: CXX_FEATURE:1cxx_reference_qualified_functions
    Feature record: CXX_FEATURE:1cxx_relaxed_constexpr
    Feature record: CXX_FEATURE:1cxx_return_type_deduction
    Feature record: CXX_FEATURE:1cxx_right_angle_brackets
    Feature record: CXX_FEATURE:1cxx_rvalue_references
    Feature record: CXX_FEATURE:1cxx_sizeof_member
    Feature record: CXX_FEATURE:1cxx_static_assert
    Feature record: CXX_FEATURE:1cxx_strong_enums
    Feature record: CXX_FEATURE:1cxx_template_template_parameters
    Feature record: CXX_FEATURE:1cxx_thread_local
    Feature record: CXX_FEATURE:1cxx_trailing_return_types
    Feature record: CXX_FEATURE:1cxx_unicode_literals
    Feature record: CXX_FEATURE:1cxx_uniform_initialization
    Feature record: CXX_FEATURE:1cxx_unrestricted_unions
    Feature record: CXX_FEATURE:1cxx_user_literals
    Feature record: CXX_FEATURE:1cxx_variable_templates
    Feature record: CXX_FEATURE:1cxx_variadic_macros
    Feature record: CXX_FEATURE:1cxx_variadic_templates


Detecting CXX [-std=c++11] compiler features compiled with the following output:
Change Dir: /home/davidb/UROP/Pass/CMakeFiles/CMakeTmp

Run Build Command:"/usr/bin/make" "cmTC_eba36/fast"
/usr/bin/make -f CMakeFiles/cmTC_eba36.dir/build.make CMakeFiles/cmTC_eba36.dir/build
make[1]: Entering directory '/home/davidb/UROP/Pass/CMakeFiles/CMakeTmp'
Building CXX object CMakeFiles/cmTC_eba36.dir/feature_tests.cxx.o
/bin/g++-5    -std=c++11 -o CMakeFiles/cmTC_eba36.dir/feature_tests.cxx.o -c /home/davidb/UROP/Pass/CMakeFiles/feature_tests.cxx
Linking CXX executable cmTC_eba36
/usr/bin/cmake -E cmake_link_script CMakeFiles/cmTC_eba36.dir/link.txt --verbose=1
/bin/g++-5       -rdynamic CMakeFiles/cmTC_eba36.dir/feature_tests.cxx.o  -o cmTC_eba36 
make[1]: Leaving directory '/home/davidb/UROP/Pass/CMakeFiles/CMakeTmp'


    Feature record: CXX_FEATURE:0cxx_aggregate_default_initializers
    Feature record: CXX_FEATURE:1cxx_alias_templates
    Feature record: CXX_FEATURE:1cxx_alignas
    Feature record: CXX_FEATURE:1cxx_alignof
    Feature record: CXX_FEATURE:1cxx_attributes
    Feature record: CXX_FEATURE:0cxx_attribute_deprecated
    Feature record: CXX_FEATURE:1cxx_auto_type
    Feature record: CXX_FEATURE:0cxx_binary_literals
    Feature record: CXX_FEATURE:1cxx_constexpr
    Feature record: CXX_FEATURE:0cxx_contextual_conversions
    Feature record: CXX_FEATURE:1cxx_decltype
    Feature record: CXX_FEATURE:0cxx_decltype_auto
    Feature record: CXX_FEATURE:1cxx_decltype_incomplete_return_types
    Feature record: CXX_FEATURE:1cxx_default_function_template_args
    Feature record: CXX_FEATURE:1cxx_defaulted_functions
    Feature record: CXX_FEATURE:1cxx_defaulted_move_initializers
    Feature record: CXX_FEATURE:1cxx_delegating_constructors
    Feature record: CXX_FEATURE:1cxx_deleted_functions
    Feature record: CXX_FEATURE:0cxx_digit_separators
    Feature record: CXX_FEATURE:1cxx_enum_forward_declarations
    Feature record: CXX_FEATURE:1cxx_explicit_conversions
    Feature record: CXX_FEATURE:1cxx_extended_friend_declarations
    Feature record: CXX_FEATURE:1cxx_extern_templates
    Feature record: CXX_FEATURE:1cxx_final
    Feature record: CXX_FEATURE:1cxx_func_identifier
    Feature record: CXX_FEATURE:1cxx_generalized_initializers
    Feature record: CXX_FEATURE:0cxx_generic_lambdas
    Feature record: CXX_FEATURE:1cxx_inheriting_constructors
    Feature record: CXX_FEATURE:1cxx_inline_namespaces
    Feature record: CXX_FEATURE:1cxx_lambdas
    Feature record: CXX_FEATURE:0cxx_lambda_init_captures
    Feature record: CXX_FEATURE:1cxx_local_type_template_args
    Feature record: CXX_FEATURE:1cxx_long_long_type
    Feature record: CXX_FEATURE:1cxx_noexcept
    Feature record: CXX_FEATURE:1cxx_nonstatic_member_init
    Feature record: CXX_FEATURE:1cxx_nullptr
    Feature record: CXX_FEATURE:1cxx_override
    Feature record: CXX_FEATURE:1cxx_range_for
    Feature record: CXX_FEATURE:1cxx_raw_string_literals
    Feature record: CXX_FEATURE:1cxx_reference_qualified_functions
    Feature record: CXX_FEATURE:0cxx_relaxed_constexpr
    Feature record: CXX_FEATURE:0cxx_return_type_deduction
    Feature record: CXX_FEATURE:1cxx_right_angle_brackets
    Feature record: CXX_FEATURE:1cxx_rvalue_references
    Feature record: CXX_FEATURE:1cxx_sizeof_member
    Feature record: CXX_FEATURE:1cxx_static_assert
    Feature record: CXX_FEATURE:1cxx_strong_enums
    Feature record: CXX_FEATURE:1cxx_template_template_parameters
    Feature record: CXX_FEATURE:1cxx_thread_local
    Feature record: CXX_FEATURE:1cxx_trailing_return_types
    Feature record: CXX_FEATURE:1cxx_unicode_literals
    Feature record: CXX_FEATURE:1cxx_uniform_initialization
    Feature record: CXX_FEATURE:1cxx_unrestricted_unions
    Feature record: CXX_FEATURE:1cxx_user_literals
    Feature record: CXX_FEATURE:0cxx_variable_templates
    Feature record: CXX_FEATURE:1cxx_variadic_macros
    Feature record: CXX_FEATURE:1cxx_variadic_templates


Detecting CXX [-std=c++98] compiler features compiled with the following output:
Change Dir: /home/davidb/UROP/Pass/CMakeFiles/CMakeTmp

Run Build Command:"/usr/bin/make" "cmTC_0f0ba/fast"
/usr/bin/make -f CMakeFiles/cmTC_0f0ba.dir/build.make CMakeFiles/cmTC_0f0ba.dir/build
make[1]: Entering directory '/home/davidb/UROP/Pass/CMakeFiles/CMakeTmp'
Building CXX object CMakeFiles/cmTC_0f0ba.dir/feature_tests.cxx.o
/bin/g++-5    -std=c++98 -o CMakeFiles/cmTC_0f0ba.dir/feature_tests.cxx.o -c /home/davidb/UROP/Pass/CMakeFiles/feature_tests.cxx
Linking CXX executable cmTC_0f0ba
/usr/bin/cmake -E cmake_link_script CMakeFiles/cmTC_0f0ba.dir/link.txt --verbose=1
/bin/g++-5       -rdynamic CMakeFiles/cmTC_0f0ba.dir/feature_tests.cxx.o  -o cmTC_0f0ba 
make[1]: Leaving directory '/home/davidb/UROP/Pass/CMakeFiles/CMakeTmp'


    Feature record: CXX_FEATURE:0cxx_aggregate_default_initializers
    Feature record: CXX_FEATURE:0cxx_alias_templates
    Feature record: CXX_FEATURE:0cxx_alignas
    Feature record: CXX_FEATURE:0cxx_alignof
    Feature record: CXX_FEATURE:0cxx_attributes
    Feature record: CXX_FEATURE:0cxx_attribute_deprecated
    Feature record: CXX_FEATURE:0cxx_auto_type
    Feature record: CXX_FEATURE:0cxx_binary_literals
    Feature record: CXX_FEATURE:0cxx_constexpr
    Feature record: CXX_FEATURE:0cxx_contextual_conversions
    Feature record: CXX_FEATURE:0cxx_decltype
    Feature record: CXX_FEATURE:0cxx_decltype_auto
    Feature record: CXX_FEATURE:0cxx_decltype_incomplete_return_types
    Feature record: CXX_FEATURE:0cxx_default_function_template_args
    Feature record: CXX_FEATURE:0cxx_defaulted_functions
    Feature record: CXX_FEATURE:0cxx_defaulted_move_initializers
    Feature record: CXX_FEATURE:0cxx_delegating_constructors
    Feature record: CXX_FEATURE:0cxx_deleted_functions
    Feature record: CXX_FEATURE:0cxx_digit_separators
    Feature record: CXX_FEATURE:0cxx_enum_forward_declarations
    Feature record: CXX_FEATURE:0cxx_explicit_conversions
    Feature record: CXX_FEATURE:0cxx_extended_friend_declarations
    Feature record: CXX_FEATURE:0cxx_extern_templates
    Feature record: CXX_FEATURE:0cxx_final
    Feature record: CXX_FEATURE:0cxx_func_identifier
    Feature record: CXX_FEATURE:0cxx_generalized_initializers
    Feature record: CXX_FEATURE:0cxx_generic_lambdas
    Feature record: CXX_FEATURE:0cxx_inheriting_constructors
    Feature record: CXX_FEATURE:0cxx_inline_namespaces
    Feature record: CXX_FEATURE:0cxx_lambdas
    Feature record: CXX_FEATURE:0cxx_lambda_init_captures
    Feature record: CXX_FEATURE:0cxx_local_type_template_args
    Feature record: CXX_FEATURE:0cxx_long_long_type
    Feature record: CXX_FEATURE:0cxx_noexcept
    Feature record: CXX_FEATURE:0cxx_nonstatic_member_init
    Feature record: CXX_FEATURE:0cxx_nullptr
    Feature record: CXX_FEATURE:0cxx_override
    Feature record: CXX_FEATURE:0cxx_range_for
    Feature record: CXX_FEATURE:0cxx_raw_string_literals
    Feature record: CXX_FEATURE:0cxx_reference_qualified_functions
    Feature record: CXX_FEATURE:0cxx_relaxed_constexpr
    Feature record: CXX_FEATURE:0cxx_return_type_deduction
    Feature record: CXX_FEATURE:0cxx_right_angle_brackets
    Feature record: CXX_FEATURE:0cxx_rvalue_references
    Feature record: CXX_FEATURE:0cxx_sizeof_member
    Feature record: CXX_FEATURE:0cxx_static_assert
    Feature record: CXX_FEATURE:0cxx_strong_enums
    Feature record: CXX_FEATURE:1cxx_template_template_parameters
    Feature record: CXX_FEATURE:0cxx_thread_local
    Feature record: CXX_FEATURE:0cxx_trailing_return_types
    Feature record: CXX_FEATURE:0cxx_unicode_literals
    Feature record: CXX_FEATURE:0cxx_uniform_initialization
    Feature record: CXX_FEATURE:0cxx_unrestricted_unions
    Feature record: CXX_FEATURE:0cxx_user_literals
    Feature record: CXX_FEATURE:0cxx_variable_templates
    Feature record: CXX_FEATURE:0cxx_variadic_macros
    Feature record: CXX_FEATURE:0cxx_variadic_templates
